# JRE version: 7.0_07-b11
# Java VM: Java HotSpot(TM) 64-Bit Server VM (23.3-b01 mixed mode windows-amd64 compressed oops)
Heap
 PSYoungGen      total 52672K, used 13285K [0x00000000eaab0000, 0x00000000ee210000, 0x0000000100000000)
  eden space 48640K, 19% used [0x00000000eaab0000,0x00000000eb3bfd78,0x00000000eda30000)
  from space 4032K, 99% used [0x00000000ede20000,0x00000000ee209830,0x00000000ee210000)
  to   space 4032K, 0% used [0x00000000eda30000,0x00000000eda30000,0x00000000ede20000)
 ParOldGen       total 64896K, used 4202K [0x00000000c0000000, 0x00000000c3f60000, 0x00000000eaab0000)
  object space 64896K, 6% used [0x00000000c0000000,0x00000000c041aad0,0x00000000c3f60000)
 PSPermGen       total 21248K, used 5996K [0x00000000bae00000, 0x00000000bc2c0000, 0x00000000c0000000)
  object space 21248K, 28% used [0x00000000bae00000,0x00000000bb3db1c8,0x00000000bc2c0000)
GC Heap History (4 events):
Event: 1.978 GC heap before
{Heap before GC invocations=1 (full 0):
 PSYoungGen      total 28352K, used 24320K [0x00000000eaab0000, 0x00000000eca50000, 0x0000000100000000)
  eden space 24320K, 100% used [0x00000000eaab0000,0x00000000ec270000,0x00000000ec270000)
  from space 4032K, 0% used [0x00000000ec660000,0x00000000ec660000,0x00000000eca50000)
  to   space 4032K, 0% used [0x00000000ec270000,0x00000000ec270000,0x00000000ec660000)
 ParOldGen       total 64896K, used 0K [0x00000000c0000000, 0x00000000c3f60000, 0x00000000eaab0000)
  object space 64896K, 0% used [0x00000000c0000000,0x00000000c0000000,0x00000000c3f60000)
 PSPermGen       total 21248K, used 5825K [0x00000000bae00000, 0x00000000bc2c0000, 0x00000000c0000000)
  object space 21248K, 27% used [0x00000000bae00000,0x00000000bb3b0518,0x00000000bc2c0000)
Event: 2.175 GC heap after
Heap after GC invocations=1 (full 0):
 PSYoungGen      total 28352K, used 4014K [0x00000000eaab0000, 0x00000000ee210000, 0x0000000100000000)
  eden space 24320K, 0% used [0x00000000eaab0000,0x00000000eaab0000,0x00000000ec270000)
  from space 4032K, 99% used [0x00000000ec270000,0x00000000ec65bab8,0x00000000ec660000)
  to   space 4032K, 0% used [0x00000000ede20000,0x00000000ede20000,0x00000000ee210000)
 ParOldGen       total 64896K, used 747K [0x00000000c0000000, 0x00000000c3f60000, 0x00000000eaab0000)
  object space 64896K, 1% used [0x00000000c0000000,0x00000000c00bac68,0x00000000c3f60000)
 PSPermGen       total 21248K, used 5825K [0x00000000bae00000, 0x00000000bc2c0000, 0x00000000c0000000)
  object space 21248K, 27% used [0x00000000bae00000,0x00000000bb3b0518,0x00000000bc2c0000)
}
Event: 5.073 GC heap before
{Heap before GC invocations=2 (full 0):
 PSYoungGen      total 28352K, used 28334K [0x00000000eaab0000, 0x00000000ee210000, 0x0000000100000000)
  eden space 24320K, 100% used [0x00000000eaab0000,0x00000000ec270000,0x00000000ec270000)
  from space 4032K, 99% used [0x00000000ec270000,0x00000000ec65bab8,0x00000000ec660000)
  to   space 4032K, 0% used [0x00000000ede20000,0x00000000ede20000,0x00000000ee210000)
 ParOldGen       total 64896K, used 747K [0x00000000c0000000, 0x00000000c3f60000, 0x00000000eaab0000)
  object space 64896K, 1% used [0x00000000c0000000,0x00000000c00bac68,0x00000000c3f60000)
 PSPermGen       total 21248K, used 5982K [0x00000000bae00000, 0x00000000bc2c0000, 0x00000000c0000000)
  object space 21248K, 28% used [0x00000000bae00000,0x00000000bb3d7880,0x00000000bc2c0000)
Event: 5.571 GC heap after
Heap after GC invocations=2 (full 0):
 PSYoungGen      total 52672K, used 4006K [0x00000000eaab0000, 0x00000000ee210000, 0x0000000100000000)
  eden space 48640K, 0% used [0x00000000eaab0000,0x00000000eaab0000,0x00000000eda30000)
  from space 4032K, 99% used [0x00000000ede20000,0x00000000ee209830,0x00000000ee210000)
  to   space 4032K, 0% used [0x00000000eda30000,0x00000000eda30000,0x00000000ede20000)
 ParOldGen       total 64896K, used 4202K [0x00000000c0000000, 0x00000000c3f60000, 0x00000000eaab0000)
  object space 64896K, 6% used [0x00000000c0000000,0x00000000c041aad0,0x00000000c3f60000)
 PSPermGen       total 21248K, used 5982K [0x00000000bae00000, 0x00000000bc2c0000, 0x00000000c0000000)
  object space 21248K, 28% used [0x00000000bae00000,0x00000000bb3d7880,0x00000000bc2c0000)
}

